<?xml version="1.0" encoding="UTF-8"?>
<testng-results ignored="0" total="0" passed="0" failed="0" skipped="0">
  <reporter-output>
  </reporter-output>
  <suite started-at="2024-03-06T21:26:03 GTS" name="Default suite" finished-at="2024-03-06T21:26:03 GTS" duration-ms="218">
    <groups>
      <group name="cucumber">
        <method signature="AbstractTestNGCucumberTests.runScenario(io.cucumber.testng.PickleWrapper,io.cucumber.testng.FeatureWrapper)[pri:0, instance:com.opencart.featureRunner.TestRunner@4c12331b]" name="runScenario" class="io.cucumber.testng.AbstractTestNGCucumberTests"/>
      </group> <!-- cucumber -->
    </groups>
    <test started-at="2024-03-06T21:26:03 GTS" name="Default test" finished-at="2024-03-06T21:26:03 GTS" duration-ms="218">
      <class name="com.opencart.featureRunner.TestRunner">
        <test-method is-config="true" signature="setUpClass(org.testng.ITestContext)[pri:0, instance:com.opencart.featureRunner.TestRunner@4c12331b]" started-at="2024-03-06T21:26:03 GTS" name="setUpClass" finished-at="2024-03-06T21:26:03 GTS" duration-ms="176" status="PASS">
          <params>
            <param index="0">
              <value>
                <![CDATA[org.testng.TestRunner@15f47664]]>
              </value>
            </param>
          </params>
          <reporter-output>
          </reporter-output>
        </test-method> <!-- setUpClass -->
        <test-method is-config="true" signature="tearDownClass()[pri:0, instance:com.opencart.featureRunner.TestRunner@4c12331b]" started-at="2024-03-06T21:26:03 GTS" name="tearDownClass" finished-at="2024-03-06T21:26:03 GTS" duration-ms="3" status="PASS">
          <reporter-output>
          </reporter-output>
        </test-method> <!-- tearDownClass -->
      </class> <!-- com.opencart.featureRunner.TestRunner -->
    </test> <!-- Default test -->
  </suite> <!-- Default suite -->
</testng-results>
